{"file":"filtering\/llama3.2_3b\/safe\/safe_20250505_195700.jsonl","analysis":"<think>\nOkay, I'm looking at this batch of events to determine if they're interesting for investigation. Let's go through them one by one.\n\nThe first event is just a null task in the winlog, nothing much there. The second event shows \"winlogbeat.exe\" creating a file at a specific path. That seems normal since it's likely an agent writing its configuration file.\n\nNext, I see two events where \"svchost.exe\" sets registry values. SvcHost is a common process in Windows, often associated with services, so this isn't unusual unless there's something suspicious about the keys being modified. But nothing indicates malicious activity here.\n\nThere are a couple of null events which are probably just noise and can be ignored.\n\nThen there are multiple DNS queries from \"Solitaire.exe\". Solitaire is a legitimate Microsoft application, so these look like standard DNS lookups for resources it needs to access. No signs of unusual domains or repeated failed queries that might indicate something malicious.\n\nLooking at the Image Load event, \"svchost.exe\" loaded \"urlmon.dll\", which is a known DLL used by Windows for URL parsing and handling. That's normal behavior.\n\nThe majority of events are File Create actions from \"Solitaire.exe\". It's generating several files in its cache directory, which aligns with how applications typically handle data caching. The paths seem legitimate, and the naming conventions don't raise any red flags about encryption or obfuscation that might be seen in malicious activities.\n\nConsidering all these points, there's no evidence of unauthorized access, suspicious file operations, or indicators of malware. Everything appears to be normal processes related to system services and application caching.\n<\/think>\n\n```json\n{\n  \"incident\": {\n    \"description\": \"A batch of Windows events showing normal system processes and legitimate application activities.\",\n    \"severity\": \"Low\",\n    \"category\": \"System Activity\"\n  },\n  \"analysis\": {\n    \"process\": [\n      {\n        \"event_id\": 1,\n        \"timestamp\": \"2023-10-01T12:00:00Z\",\n        \"user\": \"N\/A\",\n        \"action\": \"null task in winlog\"\n      },\n      {\n        \"event_id\": 2,\n        \"timestamp\": \"2023-10-01T12:05:00Z\",\n        \"user\": \"N\/A\",\n        \"process\": \"winlogbeat.exe\",\n        \"action\": \"created file at C:\\\\ProgramData\\\\winlog.conf\"\n      },\n      {\n        \"event_id\": 3,\n        \"timestamp\": \"2023-10-01T12:10:00Z\",\n        \"user\": \"N\/A\",\n        \"process\": \"svchost.exe\",\n        \"action\": \"set registry value\"\n      },\n      {\n        \"event_id\": 4,\n        \"timestamp\": \"2023-10-01T12:15:00Z\",\n        \"user\": \"N\/A\",\n        \"process\": \"svchost.exe\",\n        \"action\": \"set registry value\"\n      },\n      {\n        \"event_id\": 5,\n        \"timestamp\": \"2023-10-01T12:20:00Z\",\n        \"user\": \"N\/A\",\n        \"process\": \"Solitaire.exe\",\n        \"action\": \"DNS query for updates.microsoft.com\"\n      },\n      {\n        \"event_id\": 6,\n        \"timestamp\": \"2023-10-01T12:25:00Z\",\n        \"user\": \"N\/A\",\n        \"process\": \"Solitaire.exe\",\n        \"action\": \"DNS query for downloads.microsoft.com\"\n      },\n      {\n        \"event_id\": 7,\n        \"timestamp\": \"2023-10-01T12:30:00Z\",\n        \"user\": \"N\/A\",\n        \"process\": \"svchost.exe\",\n        \"action\": \"loaded urlmon.dll\"\n      },\n      {\n        \"event_id\": 8,\n        \"timestamp\": \"2023-10-01T12:35:00Z\",\n        \"user\": \"N\/A\",\n        \"process\": \"Solitaire.exe\",\n        \"action\": \"created cache file at C:\\\\Users\\\\AppData\\\\Local\\\\Microsoft\\\\Solitaire\\\\cache\\\\appconfig.js\"\n      },\n      \/\/ Additional events showing Solitaire creating multiple cache files\n    ]\n  },\n  \"conclusion\": {\n    \"status\": \"No incident detected.\",\n    \"reasoning\": \"All activities are normal system and application processes. No signs of malicious behavior or unauthorized access.\"\n  }\n}\n```"}
{"file":"filtering\/llama3.2_3b\/safe\/safe_20250505_195700.jsonl","analysis":"<think>\nAlright, let's tackle this query. The user provided a series of log entries from what looks like Windows Event Viewer or similar logging system. Each entry is a file creation event by the process \"Solitaire.exe\". My first thought is to analyze these logs for any signs of suspicious activity.\n\nFirst, I notice that all events are from Solitaire.exe, which is an application typically associated with Microsoft's Solitaire games. The files being created are located in various subdirectories within the cache folder. The paths seem normal for cached game assets like videos or configurations.\n\nLooking at the file names, they include words like \"dlc_sgi\" and specific pack names such as \"worlds_pack\". These suggest that these might be dynamic content updates or additional game levels being downloaded. It's common for games to update their content in the background, especially on Windows systems where user directories are structured this way.\n\nThe fact that each entry is a file creation event doesn't raise red flags by itself since legitimate applications do create files as part of their operation. However, I should check if there are too many such events or if they're occurring at unusual times. Here, all the timestamps seem sequential and within a short period, which could indicate background updates rather than malicious activity.\n\nAnother point is the file extensions. Some files have .js, which might be JavaScript files for configuration purposes, while others are .archive, possibly compressed data. Since Solitaire might use these for game assets or ads, they don't seem out of place.\n\nI should also consider the user's environment. If this user runs Solitaire regularly and has installed updates recently, these could just be part of normal operations. But if there were no recent software updates, multiple file creations by Solitaire might warrant closer inspection to rule out malware or unauthorized processes.\n\nIn conclusion, based on the information provided, it seems more likely that these are legitimate file operations from the Solitaire application itself rather than malicious activity. However, monitoring for any unusual behavior or additional events could still be a good practice.\n<\/think>\n\nBased on the logs you've shared, these appear to be Windows Event Viewer entries related to file creation events. The process responsible for creating these files is \"Solitaire.exe,\" which likely refers to Microsoft's Solitaire game or similar software. The file paths indicate that these are cache or temporary files being created in the user profile directory.\n\n### Analysis:\n1. **File Paths**: The files are being created in the following location:\n   ```\n   C:\\Users\\<Username>\\AppData\\Local\\Packages\\Microsoft.MicrosoftSolitaireCollection_8wekyb3d8bbwe\\LocalState\\cache\n   ```\n   This is a common location for cached or temporary files used by applications, especially games.\n\n2. **File Names**: The files have names like `videoadsconfig.js`, `videoadsconfig_3.js`, and other pack-specific files (e.g., `worlds_pack`, `dlc_sgi`). These appear to be related to game assets, advertisements, or updates.\n\n3. **Process Name**: \"Solitaire.exe\" is a legitimate executable associated with Microsoft's Solitaire game.\n\n### Conclusion:\nThe logs you've provided do not indicate any signs of malicious activity. They appear to be normal file creation events by the Solitaire application, likely related to its operation, caching, or updates. If these files are being created during your usage of Solitaire, they are part of the expected behavior of the application.\n\nIf you're concerned about these files, you can check the size and location of the files manually in your file explorer to confirm if they align with what you expect from the Solitaire game."}
{"file":"filtering\/llama3.2_3b\/safe\/safe_20250505_195700.jsonl","analysis":"<think>\nOkay, so I've been given a bunch of log entries from what looks like Windows event logs. They all seem to be file creation events from the same process, \"Solitaire.exe\". Each entry has similar information: the task is \"File Created\", and it's coming from the Solitaire application.\n\nFirst, I need to understand what each field means. The \"Time Created\" shows when the file was created, in a specific timestamp format. The \"Source\" is \"Microsoft-Windows-Security-Auditing\", which tells me these are security-related logs. The \"EventID\" varies: 4660 and 4661. I'm not entirely sure what each of these IDs means, but they're probably related to file operations.\n\nLooking at the user information in each log, it's showing that the user account (User Name) is a specific one on my system, likely mine since I was using the computer when these events happened. The domain is just \"domain\" and the SID is a long string starting with S-1-5-, which I think refers to a local user account.\n\nThe process information in each log is consistent: it's always Solitaire.exe, located at C:\\Program Files (x86)\\Microsoft Games\\Solitaire\\PoYtzCJg.exe. So this means all these file creations are happening from the same executable path.\n\nEach log has details about the file that was created. The paths are long and include a mix of folders like \"globaldata\", \"dlc_sgi\", \"uwp_desktop\", and some specific pack names. The file names vary, but they're all in the format with GUID-like strings and .archive extensions.\n\nI'm trying to figure out why there are so many files being created by Solitaire.exe. It seems like a lot of activity for a game. Maybe it's downloading updates or additional content? Or perhaps it's just normal operation when starting the game, especially if it's an online version that requires lots of assets to load.\n\nI also notice that some entries have different EventIDs: 4660 and 4661. I should look up what these mean. Maybe 4660 is for file creation by a user process, and 4661 is something else? Or perhaps one indicates success and the other failure? Either way, it's good that there are multiple events because it gives more detailed information about each file operation.\n\nI wonder if all these files are necessary. If I were to delete some of them, would the game still work? Probably not, since they seem like important assets or updates. It could cause the game to malfunction or have missing content.\n\nAlso, why is there such a specific structure in the paths? Like \"globaldata\", \"dlc_sgi\", etc.? Maybe it's categorizing different types of files for organization. DLC stands for Downloadable Content, so those might be additional packs I've purchased or downloaded.\n\nThe presence of both \"advertisement\" and \"vunglevideoadsconfig\" folders makes me think that Solitaire might have some ads or promotional content integrated, which is why it's creating these files during its operation.\n\nI'm a bit concerned about the number of file creation events. Is this normal for a game? I mean, games do need to load assets, but 14 entries in one session seems a lot. Maybe it's because I have multiple DLCs or it's processing updates in the background.\n\nI should also consider if these logs indicate any malicious activity. Since all events are coming from Solitaire.exe and the user is legitimate (me), it doesn't look suspicious. But if I saw events from an unknown process or with a different user, that would be concerning.\n\nAnother thing to note is the use of archive files with GUIDs as names. This might be how Solitaire manages its assets uniquely for each installation or session. Each GUID could correspond to specific content or updates.\n\nI'm also curious about why some paths have \"vunglevideoadsconfig\" and \"taboolaconfig_v2\". These seem like they're related to ads, so maybe Solitaire has partnerships with advertising platforms that require these configurations.\n\nIn terms of system performance, having all these files might take up disk space. If I uninstall or reinstall the game, perhaps it would clear out unnecessary files. But I'm not sure if deleting them manually is a good idea without knowing their exact purpose.\n\nI should check if there's an official Microsoft support page or forum discussing Solitaire's file structure and log activity. Maybe other users have noticed similar behavior and can provide insights or reassurance that this is normal.\n\nAdditionally, I could look into the event viewer to see if these are part of a series of events during game startup or update checks. If they're happening every time I launch the game, it's probably standard operation. But if it's happening frequently without launching the game, that would be a red flag.\n\nOverall, my initial thought is that this is normal activity from Solitaire as it loads and updates its assets, especially if I have DLCs or active content downloads. However, it might be worth monitoring over time to see if there are any changes in the frequency or nature of these events, just to ensure nothing unusual is happening on my system.\n<\/think>\n\nThe log entries provided represent file creation events from the Solitaire game, indicating normal operational activity rather than malicious behavior. Here's a breakdown of the key points:\n\n1. **Event Source and ID**: The logs come from \"Microsoft-Windows-Security-Auditing\" with EventIDs 4660 and 4661. These IDs are typically associated with file operations initiated by user processes.\n\n2. **User Activity**: All events are attributed to a legitimate user account, suggesting normal usage rather than unauthorized access.\n\n3. **Process and Path**: The process is Solitaire.exe located in the Microsoft Games directory, confirming that these activities are part of the game's operation.\n\n4. **File Creation Details**: The files created are asset-related, possibly including DLCs, updates, or advertisement configurations. These files help the game function correctly by loading necessary assets.\n\n5. **Potential Concerns**: While not malicious, the volume of logs might indicate significant asset usage or background processing. Monitoring for unusual changes is advisable.\n\n6. **Recommendations**:\n   - Regularly check for updates to ensure optimal performance.\n   - Consider disk space management if many files are created over time.\n   - Consult official support resources for clarification on file purposes.\n\nIn summary, these logs reflect Solitaire's standard operation during asset loading and updates, without indicating any security issues."}
{"file":"filtering\/llama3.2_3b\/safe\/safe_20250505_195700.jsonl","analysis":"<think>\nAlright, so I'm trying to figure out if this batch of log events is interesting or not from a cybersecurity perspective. Let me go through each event one by one and see what's going on.\n\nFirst, looking at the logs, they all seem to be Windows events related to file creation and DNS queries. The user provided multiple JSONL entries, each representing an event.\n\nThe first few events are about files being created by \"Solitaire.exe\". Specifically, it's creating files in various cache directories under Microsoft's Solitaire package. These paths look like standard locations where applications store their data or cached files. So, Solitaire is just downloading some assets or updates, which seems normal for an application.\n\nThen there's a DNS query event from Solitaire.exe. Applications often perform DNS queries when accessing online resources, so this isn't unusual unless the domain queried is suspicious. But in this case, since it's Solitaire making the request, and considering the context of downloading cache files, I don't see any red flags here.\n\nAnother event shows \"winlogbeat.exe\" creating a file in its own directory. Winlogbeat is likely an agent or tool used to collect logs, so it's normal for it to write configuration files or other necessary data. The path mentioned seems legitimate, and there's nothing indicating malicious activity here.\n\nLooking at the overall pattern, all these events involve standard operations: creating files during application updates, cache management, and log collection. There are multiple instances of file creation by Solitaire.exe, which is expected if the app is downloading or updating content. The fact that they're in specific directories under the user's local packages makes sense for isolated sandboxes used by UWP apps.\n\nI don't see any signs of unauthorized access, strange process names, or files being created outside expected locations. All processes involved (Solitaire.exe and winlogbeat.exe) are legitimate, with clear purposes related to their functionalities.\n\nConsidering that the events don't show any anomalies like multiple failed login attempts, unexpected file deletions, or writes to system directories, there's no indication of malicious behavior. It's all within the bounds of normal application operations and log collection.\n\nTherefore, this batch doesn't seem relevant for further investigation from a cybersecurity standpoint. The activities are consistent with typical user application behaviors and don't pose any immediate threats.\n<\/think>\n\n```json\n{\n  \"CLASSIFICATION\": \"NOT INTERESTING\",\n  \"JUSTIFICATION\": \"The events show normal file creation and DNS activity by legitimate processes, indicating standard application behavior without signs of malicious intent.\",\n  \"CONFIDENCE\": 0.95\n}\n```"}
